Arguments: 
  /usr/local/Cellar/node/13.12.0/bin/node /usr/local/Cellar/yarn/1.22.4/libexec/bin/yarn.js install

PATH: 
  /Users/StephanieGarcia/.gem/ruby/2.6.5/bin:/Users/StephanieGarcia/.rubies/ruby-2.6.5/lib/ruby/gems/2.6.0/bin:/Users/StephanieGarcia/.rubies/ruby-2.6.5/bin:/usr/local/bin:/usr/bin:/bin:/usr/sbin:/sbin:/Applications/Postgres.app/Contents/Versions/latest/bin

Yarn version: 
  1.22.4

Node version: 
  13.12.0

Platform: 
  darwin x64

Trace: 
  SyntaxError: /Users/StephanieGarcia/challenges/adopt_a_pet/src/main/frontend/package.json: Unexpected token : in JSON at position 6
      at JSON.parse (<anonymous>)
      at /usr/local/Cellar/yarn/1.22.4/libexec/lib/cli.js:1625:59
      at Generator.next (<anonymous>)
      at step (/usr/local/Cellar/yarn/1.22.4/libexec/lib/cli.js:310:30)
      at /usr/local/Cellar/yarn/1.22.4/libexec/lib/cli.js:321:13

npm manifest: 
  "name": "java-spring-and-react",
  "version": "1.0.0",
  "description": "",
  "main": "webpack.config.js",
  "scripts": {
  "dev:client": "node_modules/.bin/webpack-dev-server --host 0.0.0.0",
  "webpack": "node_modules/.bin/webpack --config ./webpack.config.js"
  },
  "author": "",
  "license": "ISC",
  "devDependencies": {
  "@babel/core": "^7.5.5",
  "@babel/preset-env": "^7.5.5",
  "@babel/preset-react": "^7.0.0",
  "babel-jest": "^24.9.0",
  "babel-loader": "^8.0.6",
  "css-loader": "^2.1.1",
  "enzyme": "~3.10.0",
  "enzyme-adapter-react-16": "^1.14.0",
  "jest": "^24.9.0",
  "jquery": "3.0.0",
  "json-loader": "^0.5.4",
  "node-sass": "^4.12.0",
  "nodemon": "^1.19.0",
  "phantomjs-prebuilt": "~2.1.14",
  "sass-loader": "^6.0.2",
  "style-loader": "^0.13.2",
  "webpack": "~2.3.1",
  "webpack-dev-server": "~2.4.2",
  "write-file-webpack-plugin": "~4.2.0"
  },
  "dependencies": {
  "@babel/polyfill": "^7.4.4",
  "body-parser": "^1.19.0",
  "express": "^4.16.4",
  "express-handlebars": "^3.0.2",
  "lodash": "^4.17.15",
  "morgan": "^1.9.1",
  "pg": "^7.18.2",
  "react": "~16.8.0",
  "react-dom": "~16.8.0",
  "react-router-dom": "^5.0.0",
  "whatwg-fetch": "1.0.0"
  }
  }

yarn manifest: 
  No manifest

Lockfile: 
  No lockfile
